app/build/outputs/logs/manifest-merger-debug-report.txt
-- Merging decision tree log ---
manifest
ADDED from src/main/AndroidManifest.xml:2:1-88:12
	package
		ADDED from src/main/AndroidManifest.xml:4:5-23
		INJECTED from src/main/AndroidManifest.xml
		INJECTED from src/main/AndroidManifest.xml
	android:versionName
		INJECTED from src/main/AndroidManifest.xml
		INJECTED from src/main/AndroidManifest.xml
	xmlns:tools
		ADDED from src/main/AndroidManifest.xml:3:5-51
	xmlns:android
		ADDED from src/main/AndroidManifest.xml:2:11-69
	android:versionCode
		INJECTED from src/main/AndroidManifest.xml
		INJECTED from src/main/AndroidManifest.xml
uses-permission#android.permission.INTERNET
ADDED from src/main/AndroidManifest.xml:6:5-67
	android:name
		ADDED from src/main/AndroidManifest.xml:6:22-64
uses-permission#android.permission.VIBRATE
ADDED from src/main/AndroidManifest.xml:7:5-66
	android:name
		ADDED from src/main/AndroidManifest.xml:7:22-63
uses-permission#android.permission.RECEIVE_BOOT_COMPLETED
ADDED from src/main/AndroidManifest.xml:8:5-81
	android:name
		ADDED from src/main/AndroidManifest.xml:8:22-78
application
ADDED from src/main/AndroidManifest.xml:10:5-86:19
MERGED from [com.android.support:design:25.0.1] AndroidManifest.xml:25:5-20
MERGED from [com.android.support:support-v4:25.0.1] AndroidManifest.xml:25:5-20
MERGED from [com.android.support:support-compat:25.0.1] AndroidManifest.xml:25:5-20
MERGED from [com.android.support:support-media-compat:25.0.1] AndroidManifest.xml:25:5-20
MERGED from [com.android.support:support-core-utils:25.0.1] AndroidManifest.xml:25:5-20
MERGED from [com.android.support:support-core-ui:25.0.1] AndroidManifest.xml:25:5-20
MERGED from [com.android.support:support-fragment:25.0.1] AndroidManifest.xml:25:5-20
MERGED from [com.android.support:appcompat-v7:25.0.1] AndroidManifest.xml:25:5-20
MERGED from [com.android.support:support-vector-drawable:25.0.1] AndroidManifest.xml:23:5-20
MERGED from [com.android.support:animated-vector-drawable:25.0.1] AndroidManifest.xml:22:5-20
MERGED from [com.android.support:transition:25.0.1] AndroidManifest.xml:22:5-20
MERGED from [de.hdodenhof:circleimageview:2.1.0] AndroidManifest.xml:9:5-20
MERGED from [com.getbase:floatingactionbutton:1.10.0] AndroidManifest.xml:12:5-20
	android:label
		ADDED from src/main/AndroidManifest.xml:13:9-41
	android:supportsRtl
		ADDED from src/main/AndroidManifest.xml:14:9-35
	android:allowBackup
		ADDED from src/main/AndroidManifest.xml:11:9-35
	android:icon
		ADDED from src/main/AndroidManifest.xml:12:9-43
	android:theme
		ADDED from src/main/AndroidManifest.xml:15:9-40
activity#com.mybp.SplashActivity
ADDED from src/main/AndroidManifest.xml:16:9-25:20
	android:screenOrientation
		ADDED from src/main/AndroidManifest.xml:18:13-53
	android:theme
		ADDED from src/main/AndroidManifest.xml:19:13-56
	android:name
		ADDED from src/main/AndroidManifest.xml:17:13-43
intent-filter#android.intent.action.MAIN+android.intent.category.LAUNCHER
ADDED from src/main/AndroidManifest.xml:20:13-24:29
action#android.intent.action.MAIN
ADDED from src/main/AndroidManifest.xml:21:17-69
	android:name
		ADDED from src/main/AndroidManifest.xml:21:25-66
category#android.intent.category.LAUNCHER
ADDED from src/main/AndroidManifest.xml:23:17-77
	android:name
		ADDED from src/main/AndroidManifest.xml:23:27-74
activity#com.mybp.MainActivity
ADDED from src/main/AndroidManifest.xml:26:9-29:59
	android:label
		ADDED from src/main/AndroidManifest.xml:28:13-45
	android:theme
		ADDED from src/main/AndroidManifest.xml:29:13-56
	android:name
		ADDED from src/main/AndroidManifest.xml:27:13-41
activity#com.mybp.AboutActivity
ADDED from src/main/AndroidManifest.xml:30:9-37:20
	android:label
		ADDED from src/main/AndroidManifest.xml:32:13-57
	android:parentActivityName
		ADDED from src/main/AndroidManifest.xml:33:13-55
	android:name
		ADDED from src/main/AndroidManifest.xml:31:13-42
meta-data#android.support.PARENT_ACTIVITY
ADDED from src/main/AndroidManifest.xml:34:13-36:57
	android:value
		ADDED from src/main/AndroidManifest.xml:36:17-54
	android:name
		ADDED from src/main/AndroidManifest.xml:35:17-63
activity#com.mybp.SettingsActivity
ADDED from src/main/AndroidManifest.xml:38:9-45:20
	android:label
		ADDED from src/main/AndroidManifest.xml:40:13-60
	android:parentActivityName
		ADDED from src/main/AndroidManifest.xml:41:13-55
	android:name
		ADDED from src/main/AndroidManifest.xml:39:13-45
activity#com.mybp.NotificationActivity
ADDED from src/main/AndroidManifest.xml:46:9-53:20
	android:label
		ADDED from src/main/AndroidManifest.xml:48:13-64
	android:parentActivityName
		ADDED from src/main/AndroidManifest.xml:49:13-59
	android:name
		ADDED from src/main/AndroidManifest.xml:47:13-49
activity#com.mybp.HelpFeedbackActivity
ADDED from src/main/AndroidManifest.xml:54:9-56:68
	android:label
		ADDED from src/main/AndroidManifest.xml:56:13-65
	android:name
		ADDED from src/main/AndroidManifest.xml:55:13-49
activity#com.mybp.FeedbackActivity
ADDED from src/main/AndroidManifest.xml:57:9-64:20
	android:label
		ADDED from src/main/AndroidManifest.xml:59:13-60
	android:parentActivityName
		ADDED from src/main/AndroidManifest.xml:60:13-63
	android:name
		ADDED from src/main/AndroidManifest.xml:58:13-45
receiver#com.mybp.NotificationReceiver
ADDED from src/main/AndroidManifest.xml:66:9-73:20
	android:enabled
		ADDED from src/main/AndroidManifest.xml:68:13-35
	android:exported
		ADDED from src/main/AndroidManifest.xml:69:13-36
	android:name
		ADDED from src/main/AndroidManifest.xml:67:13-49
intent-filter#com.mybp.ACTION_NOTIFICATION
ADDED from src/main/AndroidManifest.xml:70:13-72:29
action#com.mybp.ACTION_NOTIFICATION
ADDED from src/main/AndroidManifest.xml:71:17-71
	android:name
		ADDED from src/main/AndroidManifest.xml:71:25-68
receiver#com.mybp.OnBootReceiver
ADDED from src/main/AndroidManifest.xml:74:9-81:20
	android:enabled
		ADDED from src/main/AndroidManifest.xml:76:13-35
	android:exported
		ADDED from src/main/AndroidManifest.xml:77:13-36
	android:name
		ADDED from src/main/AndroidManifest.xml:75:13-43
intent-filter#android.intent.action.BOOT_COMPLETED
ADDED from src/main/AndroidManifest.xml:78:13-80:29
action#android.intent.action.BOOT_COMPLETED
ADDED from src/main/AndroidManifest.xml:79:17-79
	android:name
		ADDED from src/main/AndroidManifest.xml:79:25-76
service#com.mybp.NotificationService
ADDED from src/main/AndroidManifest.xml:83:9-85:48
	android:exported
		ADDED from src/main/AndroidManifest.xml:85:13-37
	android:name
		ADDED from src/main/AndroidManifest.xml:84:13-48
uses-sdk
INJECTED from src/main/AndroidManifest.xml reason: use-sdk injection requested
MERGED from [com.android.support:design:25.0.1] AndroidManifest.xml:21:5-23:62
MERGED from [com.android.support:support-v4:25.0.1] AndroidManifest.xml:21:5-23:54
MERGED from [com.android.support:support-compat:25.0.1] AndroidManifest.xml:21:5-23:58
MERGED from [com.android.support:support-media-compat:25.0.1] AndroidManifest.xml:21:5-23:63
MERGED from [com.android.support:support-core-utils:25.0.1] AndroidManifest.xml:21:5-23:61
MERGED from [com.android.support:support-core-ui:25.0.1] AndroidManifest.xml:21:5-23:58
MERGED from [com.android.support:support-fragment:25.0.1] AndroidManifest.xml:21:5-23:60
MERGED from [com.android.support:appcompat-v7:25.0.1] AndroidManifest.xml:21:5-23:78
MERGED from [com.android.support:support-vector-drawable:25.0.1] AndroidManifest.xml:21:5-43
MERGED from [com.android.support:animated-vector-drawable:25.0.1] AndroidManifest.xml:20:5-44
MERGED from [com.android.support:recyclerview-v7:25.0.1] AndroidManifest.xml:20:5-43
MERGED from [com.android.support:transition:25.0.1] AndroidManifest.xml:20:5-44
MERGED from [de.hdodenhof:circleimageview:2.1.0] AndroidManifest.xml:5:5-7:41
MERGED from [com.getbase:floatingactionbutton:1.10.0] AndroidManifest.xml:8:5-10:41
	tools:overrideLibrary
		ADDED from [com.android.support:design:25.0.1] AndroidManifest.xml:23:9-59
	android:targetSdkVersion
		INJECTED from src/main/AndroidManifest.xml
		INJECTED from src/main/AndroidManifest.xml
	android:minSdkVersion
		INJECTED from src/main/AndroidManifest.xml
		INJECTED from src/main/AndroidManifest.xml